<?xml version="1.0" encoding="UTF-8"?>
<testsuite xmlns:xsi="http://www.w3.org/2001/XMLSchema-instance" xsi:noNamespaceSchemaLocation="https://maven.apache.org/surefire/maven-surefire-plugin/xsd/surefire-test-report.xsd" version="3.0.2" name="com.resumate.Resumate.ResumateApplicationTests" time="5.282" tests="1" errors="0" skipped="0" failures="0">
  <properties>
[...]
</properties>
  <testcase name="contextLoads" classname="com.resumate.Resumate.ResumateApplicationTests" time="0.391">
    <system-out><![CDATA[19:43:53.803 [main] INFO org.springframework.test.context.support.AnnotationConfigContextLoaderUtils -- Could not detect default configuration classes for test class [com.resumate.Resumate.ResumateApplicationTests]: ResumateApplicationTests does not declare any static, non-private, non-final, nested classes annotated with @Configuration.
19:43:53.901 [main] INFO org.springframework.boot.test.context.SpringBootTestContextBootstrapper -- Found @SpringBootConfiguration com.ResuMate.ResumateApplication for test class com.resumate.Resumate.ResumateApplicationTests

  .   ____          _            __ _ _
 /\\ / ___'_ __ _ _(_)_ __  __ _ \ \ \ \
( ( )\___ | '_ | '_| | '_ \/ _` | \ \ \ \
 \\/  ___)| |_)| | | | | || (_| |  ) ) ) )
  '  |____| .__|_| |_|_| |_\__, | / / / /
 =========|_|==============|___/=/_/_/_/

 :: Spring Boot ::                (v3.4.3)

2025-05-06T19:43:54.273-04:00  WARN 23208 --- [Resumate] [           main] ory$DuplicateJsonObjectContextCustomizer : 

Found multiple occurrences of org.json.JSONObject on the class path:

	jar:file:/C:/Users/kevin/.m2/repository/com/vaadin/external/google/android-json/0.0.20131108.vaadin1/android-json-0.0.20131108.vaadin1.jar!/org/json/JSONObject.class
	jar:file:/C:/Users/kevin/.m2/repository/org/json/json/20210307/json-20210307.jar!/org/json/JSONObject.class

You may wish to exclude one of them to ensure predictable runtime behavior

2025-05-06T19:43:54.298-04:00  INFO 23208 --- [Resumate] [           main] c.r.Resumate.ResumateApplicationTests    : Starting ResumateApplicationTests using Java 17.0.10 with PID 23208 (started by kevin in C:\Users\kevin\OneDrive\Desktop\Resumate\backend)
2025-05-06T19:43:54.299-04:00  INFO 23208 --- [Resumate] [           main] c.r.Resumate.ResumateApplicationTests    : No active profile set, falling back to 1 default profile: "default"
2025-05-06T19:43:55.004-04:00  INFO 23208 --- [Resumate] [           main] .s.d.r.c.RepositoryConfigurationDelegate : Bootstrapping Spring Data JPA repositories in DEFAULT mode.
2025-05-06T19:43:55.090-04:00  INFO 23208 --- [Resumate] [           main] .s.d.r.c.RepositoryConfigurationDelegate : Finished Spring Data repository scanning in 70 ms. Found 4 JPA repository interfaces.
2025-05-06T19:43:55.602-04:00  INFO 23208 --- [Resumate] [           main] o.hibernate.jpa.internal.util.LogHelper  : HHH000204: Processing PersistenceUnitInfo [name: default]
2025-05-06T19:43:55.647-04:00  INFO 23208 --- [Resumate] [           main] org.hibernate.Version                    : HHH000412: Hibernate ORM core version 6.6.8.Final
2025-05-06T19:43:55.678-04:00  INFO 23208 --- [Resumate] [           main] o.h.c.internal.RegionFactoryInitiator    : HHH000026: Second-level cache disabled
2025-05-06T19:43:56.045-04:00  INFO 23208 --- [Resumate] [           main] o.s.o.j.p.SpringPersistenceUnitInfo      : No LoadTimeWeaver setup: ignoring JPA class transformer
2025-05-06T19:43:56.086-04:00  INFO 23208 --- [Resumate] [           main] com.zaxxer.hikari.HikariDataSource       : HikariPool-1 - Starting...
2025-05-06T19:43:56.244-04:00  INFO 23208 --- [Resumate] [           main] com.zaxxer.hikari.pool.HikariPool        : HikariPool-1 - Added connection com.mysql.cj.jdbc.ConnectionImpl@1209a0f
2025-05-06T19:43:56.246-04:00  INFO 23208 --- [Resumate] [           main] com.zaxxer.hikari.HikariDataSource       : HikariPool-1 - Start completed.
2025-05-06T19:43:56.328-04:00  WARN 23208 --- [Resumate] [           main] org.hibernate.dialect.Dialect            : HHH000511: The 5.5.5 version for [org.hibernate.dialect.MySQLDialect] is no longer supported, hence certain features may not work properly. The minimum supported version is 8.0.0. Check the community dialects project for available legacy versions.
2025-05-06T19:43:56.353-04:00  INFO 23208 --- [Resumate] [           main] org.hibernate.orm.connections.pooling    : HHH10001005: Database info:
	Database JDBC URL [Connecting through datasource 'HikariDataSource (HikariPool-1)']
	Database driver: undefined/unknown
	Database version: 5.5.5
	Autocommit mode: undefined/unknown
	Isolation level: undefined/unknown
	Minimum pool size: undefined/unknown
	Maximum pool size: undefined/unknown
2025-05-06T19:43:57.124-04:00  INFO 23208 --- [Resumate] [           main] o.h.e.t.j.p.i.JtaPlatformInitiator       : HHH000489: No JTA platform available (set 'hibernate.transaction.jta.platform' to enable JTA platform integration)
2025-05-06T19:43:57.210-04:00  INFO 23208 --- [Resumate] [           main] j.LocalContainerEntityManagerFactoryBean : Initialized JPA EntityManagerFactory for persistence unit 'default'
2025-05-06T19:43:57.619-04:00  INFO 23208 --- [Resumate] [           main] o.s.d.j.r.query.QueryEnhancerFactory     : Hibernate is in classpath; If applicable, HQL parser will be used.
2025-05-06T19:43:57.888-04:00  WARN 23208 --- [Resumate] [           main] JpaBaseConfiguration$JpaWebConfiguration : spring.jpa.open-in-view is enabled by default. Therefore, database queries may be performed during view rendering. Explicitly configure spring.jpa.open-in-view to disable this warning
2025-05-06T19:43:58.518-04:00  INFO 23208 --- [Resumate] [           main] c.r.Resumate.ResumateApplicationTests    : Started ResumateApplicationTests in 4.454 seconds (process running for 5.283)
]]></system-out>
  </testcase>
</testsuite>